[INFO  - 2017-09-12T10:14:45.017Z] GhostDriver - Main - running on port 40970
[INFO  - 2017-09-12T10:14:45.257Z] Session [3332f350-97a3-11e7-9e92-9b1447372f6f] - page.settings - {"XSSAuditingEnabled":false,"javascriptCanCloseWindows":true,"javascriptCanOpenWindows":true,"javascriptEnabled":true,"loadImages":true,"localToRemoteUrlAccessEnabled":false,"userAgent":"Mozilla/5.0 (Windows NT 6.2; WOW64) AppleWebKit/538.1 (KHTML, like Gecko) PhantomJS/2.1.1 Safari/538.1","webSecurityEnabled":true}
[INFO  - 2017-09-12T10:14:45.257Z] Session [3332f350-97a3-11e7-9e92-9b1447372f6f] - page.customHeaders:  - {}
[INFO  - 2017-09-12T10:14:45.257Z] Session [3332f350-97a3-11e7-9e92-9b1447372f6f] - Session.negotiatedCapabilities - {"browserName":"phantomjs","version":"2.1.1","driverName":"ghostdriver","driverVersion":"1.2.0","platform":"windows-8.1-32bit","javascriptEnabled":true,"takesScreenshot":true,"handlesAlerts":false,"databaseEnabled":false,"locationContextEnabled":false,"applicationCacheEnabled":false,"browserConnectionEnabled":false,"cssSelectorsEnabled":true,"webStorageEnabled":false,"rotatable":false,"acceptSslCerts":false,"nativeEvents":true,"proxy":{"proxyType":"direct"}}
[INFO  - 2017-09-12T10:14:45.257Z] SessionManagerReqHand - _postNewSessionCommand - New Session Created: 3332f350-97a3-11e7-9e92-9b1447372f6f
[INFO  - 2017-09-12T10:19:45.025Z] SessionManagerReqHand - _cleanupWindowlessSessions - Asynchronous Sessions clean-up phase starting NOW
[INFO  - 2017-09-12T10:19:45.026Z] SessionManagerReqHand - _cleanupWindowlessSessions - Deleted Session '3332f350-97a3-11e7-9e92-9b1447372f6f', because windowless
[INFO  - 2017-09-12T10:23:54.375Z] GhostDriver - Main - running on port 47299
[INFO  - 2017-09-12T10:23:54.761Z] Session [7aba9b50-97a4-11e7-ba50-b38253a362e7] - page.settings - {"XSSAuditingEnabled":false,"javascriptCanCloseWindows":true,"javascriptCanOpenWindows":true,"javascriptEnabled":true,"loadImages":true,"localToRemoteUrlAccessEnabled":false,"userAgent":"Mozilla/5.0 (Windows NT 6.2; WOW64) AppleWebKit/538.1 (KHTML, like Gecko) PhantomJS/2.1.1 Safari/538.1","webSecurityEnabled":true}
[INFO  - 2017-09-12T10:23:54.761Z] Session [7aba9b50-97a4-11e7-ba50-b38253a362e7] - page.customHeaders:  - {}
[INFO  - 2017-09-12T10:23:54.761Z] Session [7aba9b50-97a4-11e7-ba50-b38253a362e7] - Session.negotiatedCapabilities - {"browserName":"phantomjs","version":"2.1.1","driverName":"ghostdriver","driverVersion":"1.2.0","platform":"windows-8.1-32bit","javascriptEnabled":true,"takesScreenshot":true,"handlesAlerts":false,"databaseEnabled":false,"locationContextEnabled":false,"applicationCacheEnabled":false,"browserConnectionEnabled":false,"cssSelectorsEnabled":true,"webStorageEnabled":false,"rotatable":false,"acceptSslCerts":false,"nativeEvents":true,"proxy":{"proxyType":"direct"}}
[INFO  - 2017-09-12T10:23:54.761Z] SessionManagerReqHand - _postNewSessionCommand - New Session Created: 7aba9b50-97a4-11e7-ba50-b38253a362e7
[INFO  - 2017-09-12T10:28:54.833Z] SessionManagerReqHand - _cleanupWindowlessSessions - Asynchronous Sessions clean-up phase starting NOW
[INFO  - 2017-09-12T10:28:54.835Z] SessionManagerReqHand - _cleanupWindowlessSessions - Deleted Session '7aba9b50-97a4-11e7-ba50-b38253a362e7', because windowless
[INFO  - 2017-09-12T10:30:05.442Z] GhostDriver - Main - running on port 36605
[INFO  - 2017-09-12T10:30:05.853Z] Session [57eae7a0-97a5-11e7-8b8d-3f44fdb2dd44] - page.settings - {"XSSAuditingEnabled":false,"javascriptCanCloseWindows":true,"javascriptCanOpenWindows":true,"javascriptEnabled":true,"loadImages":true,"localToRemoteUrlAccessEnabled":false,"userAgent":"Mozilla/5.0 (Windows NT 6.2; WOW64) AppleWebKit/538.1 (KHTML, like Gecko) PhantomJS/2.1.1 Safari/538.1","webSecurityEnabled":true}
[INFO  - 2017-09-12T10:30:05.853Z] Session [57eae7a0-97a5-11e7-8b8d-3f44fdb2dd44] - page.customHeaders:  - {}
[INFO  - 2017-09-12T10:30:05.854Z] Session [57eae7a0-97a5-11e7-8b8d-3f44fdb2dd44] - Session.negotiatedCapabilities - {"browserName":"phantomjs","version":"2.1.1","driverName":"ghostdriver","driverVersion":"1.2.0","platform":"windows-8.1-32bit","javascriptEnabled":true,"takesScreenshot":true,"handlesAlerts":false,"databaseEnabled":false,"locationContextEnabled":false,"applicationCacheEnabled":false,"browserConnectionEnabled":false,"cssSelectorsEnabled":true,"webStorageEnabled":false,"rotatable":false,"acceptSslCerts":false,"nativeEvents":true,"proxy":{"proxyType":"direct"}}
[INFO  - 2017-09-12T10:30:05.854Z] SessionManagerReqHand - _postNewSessionCommand - New Session Created: 57eae7a0-97a5-11e7-8b8d-3f44fdb2dd44
[INFO  - 2017-09-12T10:35:05.452Z] SessionManagerReqHand - _cleanupWindowlessSessions - Asynchronous Sessions clean-up phase starting NOW
[INFO  - 2017-09-12T10:35:05.453Z] SessionManagerReqHand - _cleanupWindowlessSessions - Deleted Session '57eae7a0-97a5-11e7-8b8d-3f44fdb2dd44', because windowless
Images":true,"localToRemoteUrlAccessEnabled":false,"userAgent":"Mozilla/5.0 (Windows NT 6.2; WOW64) AppleWebKit/538.1 (KHTML, like Gecko) PhantomJS/2.1.1 Safari/538.1","webSecurityEnabled":true}
[INFO  - 2017-09-12T10:32:51.853Z] Session [badc5790-97a5-11e7-b5cb-4d2fe672273e] - page.customHeaders:  - {}
[INFO  - 2017-09-12T10:32:51.853Z] Session [badc5790-97a5-11e7-b5cb-4d2fe672273e] - Session.negotiatedCapabilities - {"browserName":"phantomjs","version":"2.1.1","driverName":"ghostdriver","driverVersion":"1.2.0","platform":"windows-8.1-32bit","javascriptEnabled":true,"takesScreenshot":true,"handlesAlerts":false,"databaseEnabled":false,"locationContextEnabled":false,"applicationCacheEnabled":false,"browserConnectionEnabled":false,"cssSelectorsEnabled":true,"webStorageEnabled":false,"rotatable":false,"acceptSslCerts":false,"nativeEvents":true,"proxy":{"proxyType":"direct"}}
[INFO  - 2017-09-12T10:32:51.853Z] SessionManagerReqHand - _postNewSessionCommand - New Session Created: badc5790-97a5-11e7-b5cb-4d2fe672273e
[INFO  - 2017-09-12T10:37:51.412Z] SessionManagerReqHand - _cleanupWindowlessSessions - Asynchronous Sessions clean-up phase starting NOW
[INFO  - 2017-09-12T10:42:51.412Z] SessionManagerReqHand - _cleanupWindowlessSessions - Asynchronous Sessions clean-up phase starting NOW
[INFO  - 2017-09-12T10:47:51.412Z] SessionManagerReqHand - _cleanupWindowlessSessions - Asynchronous Sessions clean-up phase starting NOW
[INFO  - 2017-09-12T10:52:51.381Z] SessionManagerReqHand - _cleanupWindowlessSessions - Asynchronous Sessions clean-up phase starting NOW
[INFO  - 2017-09-12T10:57:51.381Z] SessionManagerReqHand - _cleanupWindowlessSessions - Asynchronous Sessions clean-up phase starting NOW
[INFO  - 2017-09-12T11:02:51.350Z] SessionManagerReqHand - _cleanupWindowlessSessions - Asynchronous Sessions clean-up phase starting NOW
[INFO  - 2017-09-12T11:07:51.321Z] SessionManagerReqHand - _cleanupWindowlessSessions - Asynchronous Sessions clean-up phase starting NOW
[INFO  - 2017-09-12T11:12:51.321Z] SessionManagerReqHand - _cleanupWindowlessSessions - Asynchronous Sessions clean-up phase starting NOW
[INFO  - 2017-09-12T11:17:51.321Z] SessionManagerReqHand - _cleanupWindowlessSessions - Asynchronous Sessions clean-up phase starting NOW
[INFO  - 2017-09-12T11:22:51.290Z] SessionManagerReqHand - _cleanupWindowlessSessions - Asynchronous Sessions clean-up phase starting NOW
[INFO  - 2017-09-12T11:27:51.290Z] SessionManagerReqHand - _cleanupWindowlessSessions - Asynchronous Sessions clean-up phase starting NOW
[INFO  - 2017-09-12T11:32:51.488Z] SessionManagerReqHand - _cleanupWindowlessSessions - Asynchronous Sessions clean-up phase starting NOW
[INFO  - 2017-09-12T11:32:51.489Z] SessionManagerReqHand - _cleanupWindowlessSessions - Deleted Session 'badc5790-97a5-11e7-b5cb-4d2fe672273e', because windowless
[INFO  - 2017-09-12T12:01:40.521Z] GhostDriver - Main - running on port 14685
[INFO  - 2017-09-12T12:01:40.927Z] Session [233c80b0-97b2-11e7-a547-5da219a24bb5] - page.settings - {"XSSAuditingEnabled":false,"javascriptCanCloseWindows":true,"javascriptCanOpenWindows":true,"javascriptEnabled":true,"loadImages":true,"localToRemoteUrlAccessEnabled":false,"userAgent":"Mozilla/5.0 (Windows NT 6.2; WOW64) AppleWebKit/538.1 (KHTML, like Gecko) PhantomJS/2.1.1 Safari/538.1","webSecurityEnabled":true}
[INFO  - 2017-09-12T12:01:40.927Z] Session [233c80b0-97b2-11e7-a547-5da219a24bb5] - page.customHeaders:  - {}
[INFO  - 2017-09-12T12:01:40.927Z] Session [233c80b0-97b2-11e7-a547-5da219a24bb5] - Session.negotiatedCapabilities - {"browserName":"phantomjs","version":"2.1.1","driverName":"ghostdriver","driverVersion":"1.2.0","platform":"windows-8.1-32bit","javascriptEnabled":true,"takesScreenshot":true,"handlesAlerts":false,"databaseEnabled":false,"locationContextEnabled":false,"applicationCacheEnabled":false,"browserConnectionEnabled":false,"cssSelectorsEnabled":true,"webStorageEnabled":false,"rotatable":false,"acceptSslCerts":false,"nativeEvents":true,"proxy":{"proxyType":"direct"}}
[INFO  - 2017-09-12T12:01:40.928Z] SessionManagerReqHand - _postNewSessionCommand - New Session Created: 233c80b0-97b2-11e7-a547-5da219a24bb5
[INFO  - 2017-09-12T12:06:40.933Z] SessionManagerReqHand - _cleanupWindowlessSessions - Asynchronous Sessions clean-up phase starting NOW
[INFO  - 2017-09-12T12:06:40.934Z] SessionManagerReqHand - _cleanupWindowlessSessions - Deleted Session '233c80b0-97b2-11e7-a547-5da219a24bb5', because windowless
mages":true,"localToRemoteUrlAccessEnabled":false,"userAgent":"Mozilla/5.0 (Windows NT 6.2; WOW64) AppleWebKit/538.1 (KHTML, like Gecko) PhantomJS/2.1.1 Safari/538.1","webSecurityEnabled":true}
[INFO  - 2017-09-12T12:02:10.875Z] Session [35163470-97b2-11e7-a4ca-d3a1f8ac0b65] - page.customHeaders:  - {}
[INFO  - 2017-09-12T12:02:10.875Z] Session [35163470-97b2-11e7-a4ca-d3a1f8ac0b65] - Session.negotiatedCapabilities - {"browserName":"phantomjs","version":"2.1.1","driverName":"ghostdriver","driverVersion":"1.2.0","platform":"windows-8.1-32bit","javascriptEnabled":true,"takesScreenshot":true,"handlesAlerts":false,"databaseEnabled":false,"locationContextEnabled":false,"applicationCacheEnabled":false,"browserConnectionEnabled":false,"cssSelectorsEnabled":true,"webStorageEnabled":false,"rotatable":false,"acceptSslCerts":false,"nativeEvents":true,"proxy":{"proxyType":"direct"}}
[INFO  - 2017-09-12T12:02:10.875Z] SessionManagerReqHand - _postNewSessionCommand - New Session Created: 35163470-97b2-11e7-a4ca-d3a1f8ac0b65
[INFO  - 2017-09-12T12:07:10.561Z] SessionManagerReqHand - _cleanupWindowlessSessions - Asynchronous Sessions clean-up phase starting NOW
[INFO  - 2017-09-12T12:07:10.562Z] SessionManagerReqHand - _cleanupWindowlessSessions - Deleted Session '35163470-97b2-11e7-a4ca-d3a1f8ac0b65', because windowless
[INFO  - 2017-09-12T12:26:40.241Z] GhostDriver - Main - running on port 13760
[INFO  - 2017-09-12T12:26:40.622Z] Session [a11ff3b0-97b5-11e7-b3aa-ddb742de5c33] - page.settings - {"XSSAuditingEnabled":false,"javascriptCanCloseWindows":true,"javascriptCanOpenWindows":true,"javascriptEnabled":true,"loadImages":true,"localToRemoteUrlAccessEnabled":false,"userAgent":"Mozilla/5.0 (Windows NT 6.2; WOW64) AppleWebKit/538.1 (KHTML, like Gecko) PhantomJS/2.1.1 Safari/538.1","webSecurityEnabled":true}
[INFO  - 2017-09-12T12:26:40.623Z] Session [a11ff3b0-97b5-11e7-b3aa-ddb742de5c33] - page.customHeaders:  - {}
[INFO  - 2017-09-12T12:26:40.623Z] Session [a11ff3b0-97b5-11e7-b3aa-ddb742de5c33] - Session.negotiatedCapabilities - {"browserName":"phantomjs","version":"2.1.1","driverName":"ghostdriver","driverVersion":"1.2.0","platform":"windows-8.1-32bit","javascriptEnabled":true,"takesScreenshot":true,"handlesAlerts":false,"databaseEnabled":false,"locationContextEnabled":false,"applicationCacheEnabled":false,"browserConnectionEnabled":false,"cssSelectorsEnabled":true,"webStorageEnabled":false,"rotatable":false,"acceptSslCerts":false,"nativeEvents":true,"proxy":{"proxyType":"direct"}}
[INFO  - 2017-09-12T12:26:40.623Z] SessionManagerReqHand - _postNewSessionCommand - New Session Created: a11ff3b0-97b5-11e7-b3aa-ddb742de5c33
[INFO  - 2017-09-12T12:31:40.245Z] SessionManagerReqHand - _cleanupWindowlessSessions - Asynchronous Sessions clean-up phase starting NOW
[INFO  - 2017-09-12T12:36:40.600Z] SessionManagerReqHand - _cleanupWindowlessSessions - Asynchronous Sessions clean-up phase starting NOW
[INFO  - 2017-09-12T12:41:40.604Z] SessionManagerReqHand - _cleanupWindowlessSessions - Asynchronous Sessions clean-up phase starting NOW
[INFO  - 2017-09-12T12:46:40.604Z] SessionManagerReqHand - _cleanupWindowlessSessions - Asynchronous Sessions clean-up phase starting NOW
[INFO  - 2017-09-12T12:51:40.604Z] SessionManagerReqHand - _cleanupWindowlessSessions - Asynchronous Sessions clean-up phase starting NOW
[INFO  - 2017-09-12T12:56:40.571Z] SessionManagerReqHand - _cleanupWindowlessSessions - Asynchronous Sessions clean-up phase starting NOW
[INFO  - 2017-09-12T13:01:40.571Z] SessionManagerReqHand - _cleanupWindowlessSessions - Asynchronous Sessions clean-up phase starting NOW
[INFO  - 2017-09-12T13:06:40.571Z] SessionManagerReqHand - _cleanupWindowlessSessions - Asynchronous Sessions clean-up phase starting NOW
[INFO  - 2017-09-12T13:11:40.571Z] SessionManagerReqHand - _cleanupWindowlessSessions - Asynchronous Sessions clean-up phase starting NOW
[INFO  - 2017-09-12T13:16:40.541Z] SessionManagerReqHand - _cleanupWindowlessSessions - Asynchronous Sessions clean-up phase starting NOW
[INFO  - 2017-09-12T13:21:40.541Z] SessionManagerReqHand - _cleanupWindowlessSessions - Asynchronous Sessions clean-up phase starting NOW
[INFO  - 2017-09-12T13:26:40.541Z] SessionManagerReqHand - _cleanupWindowlessSessions - Asynchronous Sessions clean-up phase starting NOW
[INFO  - 2017-09-12T13:31:40.541Z] SessionManagerReqHand - _cleanupWindowlessSessions - Asynchronous Sessions clean-up phase starting NOW
[INFO  - 2017-09-12T13:36:40.546Z] SessionManagerReqHand - _cleanupWindowlessSessions - Asynchronous Sessions clean-up phase starting NOW
[INFO  - 2017-09-12T13:41:40.547Z] SessionManagerReqHand - _cleanupWindowlessSessions - Asynchronous Sessions clean-up phase starting NOW
Hand - _cleanupWindowlessSessions - Asynchronous Sessions clean-up phase starting NOW
[INFO  - 2017-09-12T13:02:13.305Z] SessionManagerReqHand - _cleanupWindowlessSessions - Asynchronous Sessions clean-up phase starting NOW
[INFO  - 2017-09-12T13:07:13.305Z] SessionManagerReqHand - _cleanupWindowlessSessions - Asynchronous Sessions clean-up phase starting NOW
[INFO  - 2017-09-12T13:12:13.305Z] SessionManagerReqHand - _cleanupWindowlessSessions - Asynchronous Sessions clean-up phase starting NOW
[INFO  - 2017-09-12T13:17:13.305Z] SessionManagerReqHand - _cleanupWindowlessSessions - Asynchronous Sessions clean-up phase starting NOW
[INFO  - 2017-09-12T13:22:13.304Z] SessionManagerReqHand - _cleanupWindowlessSessions - Asynchronous Sessions clean-up phase starting NOW
[INFO  - 2017-09-12T13:27:13.305Z] SessionManagerReqHand - _cleanupWindowlessSessions - Asynchronous Sessions clean-up phase starting NOW
[INFO  - 2017-09-12T13:32:13.305Z] SessionManagerReqHand - _cleanupWindowlessSessions - Asynchronous Sessions clean-up phase starting NOW
[INFO  - 2017-09-12T13:37:13.305Z] SessionManagerReqHand - _cleanupWindowlessSessions - Asynchronous Sessions clean-up phase starting NOW
[INFO  - 2017-09-12T13:42:13.268Z] SessionManagerReqHand - _cleanupWindowlessSessions - Asynchronous Sessions clean-up phase starting NOW
[INFO  - 2017-09-13T07:00:23.382Z] GhostDriver - Main - running on port 38000
[INFO  - 2017-09-13T07:00:23.622Z] Session [36bc6a20-9851-11e7-be51-f5bd3e95eb09] - page.settings - {"XSSAuditingEnabled":false,"javascriptCanCloseWindows":true,"javascriptCanOpenWindows":true,"javascriptEnabled":true,"loadImages":true,"localToRemoteUrlAccessEnabled":false,"userAgent":"Mozilla/5.0 (Windows NT 6.2; WOW64) AppleWebKit/538.1 (KHTML, like Gecko) PhantomJS/2.1.1 Safari/538.1","webSecurityEnabled":true}
[INFO  - 2017-09-13T07:00:23.622Z] Session [36bc6a20-9851-11e7-be51-f5bd3e95eb09] - page.customHeaders:  - {}
[INFO  - 2017-09-13T07:00:23.622Z] Session [36bc6a20-9851-11e7-be51-f5bd3e95eb09] - Session.negotiatedCapabilities - {"browserName":"phantomjs","version":"2.1.1","driverName":"ghostdriver","driverVersion":"1.2.0","platform":"windows-8.1-32bit","javascriptEnabled":true,"takesScreenshot":true,"handlesAlerts":false,"databaseEnabled":false,"locationContextEnabled":false,"applicationCacheEnabled":false,"browserConnectionEnabled":false,"cssSelectorsEnabled":true,"webStorageEnabled":false,"rotatable":false,"acceptSslCerts":false,"nativeEvents":true,"proxy":{"proxyType":"direct"}}
[INFO  - 2017-09-13T07:00:23.622Z] SessionManagerReqHand - _postNewSessionCommand - New Session Created: 36bc6a20-9851-11e7-be51-f5bd3e95eb09
[INFO  - 2017-09-13T07:05:23.410Z] SessionManagerReqHand - _cleanupWindowlessSessions - Asynchronous Sessions clean-up phase starting NOW
[INFO  - 2017-09-13T07:05:23.411Z] SessionManagerReqHand - _cleanupWindowlessSessions - Deleted Session '36bc6a20-9851-11e7-be51-f5bd3e95eb09', because windowless
Images":true,"localToRemoteUrlAccessEnabled":false,"userAgent":"Mozilla/5.0 (Windows NT 6.2; WOW64) AppleWebKit/538.1 (KHTML, like Gecko) PhantomJS/2.1.1 Safari/538.1","webSecurityEnabled":true}
[INFO  - 2017-09-13T07:00:59.913Z] Session [4c5ce9e0-9851-11e7-aa8d-311b6644bac8] - page.customHeaders:  - {}
[INFO  - 2017-09-13T07:00:59.913Z] Session [4c5ce9e0-9851-11e7-aa8d-311b6644bac8] - Session.negotiatedCapabilities - {"browserName":"phantomjs","version":"2.1.1","driverName":"ghostdriver","driverVersion":"1.2.0","platform":"windows-8.1-32bit","javascriptEnabled":true,"takesScreenshot":true,"handlesAlerts":false,"databaseEnabled":false,"locationContextEnabled":false,"applicationCacheEnabled":false,"browserConnectionEnabled":false,"cssSelectorsEnabled":true,"webStorageEnabled":false,"rotatable":false,"acceptSslCerts":false,"nativeEvents":true,"proxy":{"proxyType":"direct"}}
[INFO  - 2017-09-13T07:00:59.913Z] SessionManagerReqHand - _postNewSessionCommand - New Session Created: 4c5ce9e0-9851-11e7-aa8d-311b6644bac8
[INFO  - 2017-09-13T07:05:59.989Z] SessionManagerReqHand - _cleanupWindowlessSessions - Asynchronous Sessions clean-up phase starting NOW
[INFO  - 2017-09-13T07:05:59.990Z] SessionManagerReqHand - _cleanupWindowlessSessions - Deleted Session '4c5ce9e0-9851-11e7-aa8d-311b6644bac8', because windowless
[INFO  - 2017-09-14T06:24:28.258Z] GhostDriver - Main - running on port 8299
[INFO  - 2017-09-14T06:24:28.561Z] Session [5ca1f3d0-9915-11e7-8bce-93ab3eb89ed3] - page.settings - {"XSSAuditingEnabled":false,"javascriptCanCloseWindows":true,"javascriptCanOpenWindows":true,"javascriptEnabled":true,"loadImages":true,"localToRemoteUrlAccessEnabled":false,"userAgent":"Mozilla/5.0 (Windows NT 6.2; WOW64) AppleWebKit/538.1 (KHTML, like Gecko) PhantomJS/2.1.1 Safari/538.1","webSecurityEnabled":true}
[INFO  - 2017-09-14T06:24:28.561Z] Session [5ca1f3d0-9915-11e7-8bce-93ab3eb89ed3] - page.customHeaders:  - {}
[INFO  - 2017-09-14T06:24:28.561Z] Session [5ca1f3d0-9915-11e7-8bce-93ab3eb89ed3] - Session.negotiatedCapabilities - {"browserName":"phantomjs","version":"2.1.1","driverName":"ghostdriver","driverVersion":"1.2.0","platform":"windows-8.1-32bit","javascriptEnabled":true,"takesScreenshot":true,"handlesAlerts":false,"databaseEnabled":false,"locationContextEnabled":false,"applicationCacheEnabled":false,"browserConnectionEnabled":false,"cssSelectorsEnabled":true,"webStorageEnabled":false,"rotatable":false,"acceptSslCerts":false,"nativeEvents":true,"proxy":{"proxyType":"direct"}}
[INFO  - 2017-09-14T06:24:28.561Z] SessionManagerReqHand - _postNewSessionCommand - New Session Created: 5ca1f3d0-9915-11e7-8bce-93ab3eb89ed3
[INFO  - 2017-09-14T06:29:28.616Z] SessionManagerReqHand - _cleanupWindowlessSessions - Asynchronous Sessions clean-up phase starting NOW
[INFO  - 2017-09-14T06:29:28.617Z] SessionManagerReqHand - _cleanupWindowlessSessions - Deleted Session '5ca1f3d0-9915-11e7-8bce-93ab3eb89ed3', because windowless
Images":true,"localToRemoteUrlAccessEnabled":false,"userAgent":"Mozilla/5.0 (Windows NT 6.2; WOW64) AppleWebKit/538.1 (KHTML, like Gecko) PhantomJS/2.1.1 Safari/538.1","webSecurityEnabled":true}
[INFO  - 2017-09-14T06:24:35.885Z] Session [60fee550-9915-11e7-98e2-c7b28a19fa25] - page.customHeaders:  - {}
[INFO  - 2017-09-14T06:24:35.885Z] Session [60fee550-9915-11e7-98e2-c7b28a19fa25] - Session.negotiatedCapabilities - {"browserName":"phantomjs","version":"2.1.1","driverName":"ghostdriver","driverVersion":"1.2.0","platform":"windows-8.1-32bit","javascriptEnabled":true,"takesScreenshot":true,"handlesAlerts":false,"databaseEnabled":false,"locationContextEnabled":false,"applicationCacheEnabled":false,"browserConnectionEnabled":false,"cssSelectorsEnabled":true,"webStorageEnabled":false,"rotatable":false,"acceptSslCerts":false,"nativeEvents":true,"proxy":{"proxyType":"direct"}}
[INFO  - 2017-09-14T06:24:35.885Z] SessionManagerReqHand - _postNewSessionCommand - New Session Created: 60fee550-9915-11e7-98e2-c7b28a19fa25
[INFO  - 2017-09-14T06:29:35.676Z] SessionManagerReqHand - _cleanupWindowlessSessions - Asynchronous Sessions clean-up phase starting NOW
[INFO  - 2017-09-14T06:29:35.678Z] SessionManagerReqHand - _cleanupWindowlessSessions - Deleted Session '60fee550-9915-11e7-98e2-c7b28a19fa25', because windowless
[INFO  - 2017-09-14T07:14:39.593Z] GhostDriver - Main - running on port 12289
[INFO  - 2017-09-14T07:14:40.363Z] Session [5fce7770-991c-11e7-b948-5b6468486882] - page.settings - {"XSSAuditingEnabled":false,"javascriptCanCloseWindows":true,"javascriptCanOpenWindows":true,"javascriptEnabled":true,"loadImages":true,"localToRemoteUrlAccessEnabled":false,"userAgent":"Mozilla/5.0 (Windows NT 6.2; WOW64) AppleWebKit/538.1 (KHTML, like Gecko) PhantomJS/2.1.1 Safari/538.1","webSecurityEnabled":true}
[INFO  - 2017-09-14T07:14:40.363Z] Session [5fce7770-991c-11e7-b948-5b6468486882] - page.customHeaders:  - {}
[INFO  - 2017-09-14T07:14:40.364Z] Session [5fce7770-991c-11e7-b948-5b6468486882] - Session.negotiatedCapabilities - {"browserName":"phantomjs","version":"2.1.1","driverName":"ghostdriver","driverVersion":"1.2.0","platform":"windows-8.1-32bit","javascriptEnabled":true,"takesScreenshot":true,"handlesAlerts":false,"databaseEnabled":false,"locationContextEnabled":false,"applicationCacheEnabled":false,"browserConnectionEnabled":false,"cssSelectorsEnabled":true,"webStorageEnabled":false,"rotatable":false,"acceptSslCerts":false,"nativeEvents":true,"proxy":{"proxyType":"direct"}}
[INFO  - 2017-09-14T07:14:40.364Z] SessionManagerReqHand - _postNewSessionCommand - New Session Created: 5fce7770-991c-11e7-b948-5b6468486882
[INFO  - 2017-09-14T07:19:39.601Z] SessionManagerReqHand - _cleanupWindowlessSessions - Asynchronous Sessions clean-up phase starting NOW
[INFO  - 2017-09-14T07:19:39.602Z] SessionManagerReqHand - _cleanupWindowlessSessions - Deleted Session '5fce7770-991c-11e7-b948-5b6468486882', because windowless
[INFO  - 2017-09-14T07:24:59.365Z] GhostDriver - Main - running on port 16919
[INFO  - 2017-09-14T07:24:59.817Z] Session [d107cc60-991d-11e7-ad1c-abef53989655] - page.settings - {"XSSAuditingEnabled":false,"javascriptCanCloseWindows":true,"javascriptCanOpenWindows":true,"javascriptEnabled":true,"loadImages":true,"localToRemoteUrlAccessEnabled":false,"userAgent":"Mozilla/5.0 (Windows NT 6.2; WOW64) AppleWebKit/538.1 (KHTML, like Gecko) PhantomJS/2.1.1 Safari/538.1","webSecurityEnabled":true}
[INFO  - 2017-09-14T07:24:59.818Z] Session [d107cc60-991d-11e7-ad1c-abef53989655] - page.customHeaders:  - {}
[INFO  - 2017-09-14T07:24:59.818Z] Session [d107cc60-991d-11e7-ad1c-abef53989655] - Session.negotiatedCapabilities - {"browserName":"phantomjs","version":"2.1.1","driverName":"ghostdriver","driverVersion":"1.2.0","platform":"windows-8.1-32bit","javascriptEnabled":true,"takesScreenshot":true,"handlesAlerts":false,"databaseEnabled":false,"locationContextEnabled":false,"applicationCacheEnabled":false,"browserConnectionEnabled":false,"cssSelectorsEnabled":true,"webStorageEnabled":false,"rotatable":false,"acceptSslCerts":false,"nativeEvents":true,"proxy":{"proxyType":"direct"}}
[INFO  - 2017-09-14T07:24:59.818Z] SessionManagerReqHand - _postNewSessionCommand - New Session Created: d107cc60-991d-11e7-ad1c-abef53989655
[INFO  - 2017-09-14T07:29:59.362Z] SessionManagerReqHand - _cleanupWindowlessSessions - Asynchronous Sessions clean-up phase starting NOW
[INFO  - 2017-09-14T07:34:59.362Z] SessionManagerReqHand - _cleanupWindowlessSessions - Asynchronous Sessions clean-up phase starting NOW
[INFO  - 2017-09-14T07:39:59.363Z] SessionManagerReqHand - _cleanupWindowlessSessions - Asynchronous Sessions clean-up phase starting NOW
[INFO  - 2017-09-14T07:44:59.363Z] SessionManagerReqHand - _cleanupWindowlessSessions - Asynchronous Sessions clean-up phase starting NOW
[INFO  - 2017-09-14T07:49:59.333Z] SessionManagerReqHand - _cleanupWindowlessSessions - Asynchronous Sessions clean-up phase starting NOW
[INFO  - 2017-09-14T07:54:59.333Z] SessionManagerReqHand - _cleanupWindowlessSessions - Asynchronous Sessions clean-up phase starting NOW
[INFO  - 2017-09-14T07:59:59.332Z] SessionManagerReqHand - _cleanupWindowlessSessions - Asynchronous Sessions clean-up phase starting NOW
[INFO  - 2017-09-14T08:04:59.333Z] SessionManagerReqHand - _cleanupWindowlessSessions - Asynchronous Sessions clean-up phase starting NOW
[INFO  - 2017-09-14T08:09:59.332Z] SessionManagerReqHand - _cleanupWindowlessSessions - Asynchronous Sessions clean-up phase starting NOW
[INFO  - 2017-09-14T08:14:59.333Z] SessionManagerReqHand - _cleanupWindowlessSessions - Asynchronous Sessions clean-up phase starting NOW
[INFO  - 2017-09-14T08:19:59.332Z] SessionManagerReqHand - _cleanupWindowlessSessions - Asynchronous Sessions clean-up phase starting NOW
[INFO  - 2017-09-14T08:24:59.370Z] SessionManagerReqHand - _cleanupWindowlessSessions - Asynchronous Sessions clean-up phase starting NOW
[INFO  - 2017-09-14T08:24:59.371Z] SessionManagerReqHand - _cleanupWindowlessSessions - Deleted Session 'd107cc60-991d-11e7-ad1c-abef53989655', because windowless
[INFO  - 2017-09-15T04:59:33.067Z] GhostDriver - Main - running on port 10522
[INFO  - 2017-09-15T04:59:33.417Z] Session [aa1a6d50-99d2-11e7-b75c-29e6da5d6e1e] - page.settings - {"XSSAuditingEnabled":false,"javascriptCanCloseWindows":true,"javascriptCanOpenWindows":true,"javascriptEnabled":true,"loadImages":true,"localToRemoteUrlAccessEnabled":false,"userAgent":"Mozilla/5.0 (Windows NT 6.2; WOW64) AppleWebKit/538.1 (KHTML, like Gecko) PhantomJS/2.1.1 Safari/538.1","webSecurityEnabled":true}
[INFO  - 2017-09-15T04:59:33.417Z] Session [aa1a6d50-99d2-11e7-b75c-29e6da5d6e1e] - page.customHeaders:  - {}
[INFO  - 2017-09-15T04:59:33.417Z] Session [aa1a6d50-99d2-11e7-b75c-29e6da5d6e1e] - Session.negotiatedCapabilities - {"browserName":"phantomjs","version":"2.1.1","driverName":"ghostdriver","driverVersion":"1.2.0","platform":"windows-8.1-32bit","javascriptEnabled":true,"takesScreenshot":true,"handlesAlerts":false,"databaseEnabled":false,"locationContextEnabled":false,"applicationCacheEnabled":false,"browserConnectionEnabled":false,"cssSelectorsEnabled":true,"webStorageEnabled":false,"rotatable":false,"acceptSslCerts":false,"nativeEvents":true,"proxy":{"proxyType":"direct"}}
[INFO  - 2017-09-15T04:59:33.418Z] SessionManagerReqHand - _postNewSessionCommand - New Session Created: aa1a6d50-99d2-11e7-b75c-29e6da5d6e1e
[INFO  - 2017-09-15T05:04:33.079Z] SessionManagerReqHand - _cleanupWindowlessSessions - Asynchronous Sessions clean-up phase starting NOW
[INFO  - 2017-09-15T05:04:33.081Z] SessionManagerReqHand - _cleanupWindowlessSessions - Deleted Session 'aa1a6d50-99d2-11e7-b75c-29e6da5d6e1e', because windowless
